# Logfile created on 2014-03-31 16:35:17 +0200 by logger.rb/44203
I, [2014-03-31T16:35:17.840232 #93576]  INFO -- : 0:  rake (10.1.1) from /Users/pepe/.rvm/gems/ruby-2.1.0/specifications/rake-10.1.1.gemspec
I, [2014-03-31T16:35:17.841243 #93576]  INFO -- : 0:  backports (3.6.0) from /Users/pepe/.rvm/gems/ruby-2.1.0/specifications/backports-3.6.0.gemspec
I, [2014-03-31T16:35:17.841803 #93576]  INFO -- : 0:  daemons (1.1.9) from /Users/pepe/.rvm/gems/ruby-2.1.0/specifications/daemons-1.1.9.gemspec
I, [2014-03-31T16:35:17.842247 #93576]  INFO -- : 0:  eventmachine (1.0.3) from /Users/pepe/.rvm/gems/ruby-2.1.0/specifications/eventmachine-1.0.3.gemspec
I, [2014-03-31T16:35:17.842688 #93576]  INFO -- : 0:  json (1.8.1) from /Users/pepe/.rvm/rubies/ruby-2.1.0/lib/ruby/gems/2.1.0/specifications/default/json-1.8.1.gemspec
I, [2014-03-31T16:35:17.843137 #93576]  INFO -- : 0:  multi_json (1.9.2) from /Users/pepe/.rvm/gems/ruby-2.1.0/specifications/multi_json-1.9.2.gemspec
I, [2014-03-31T16:35:17.843484 #93576]  INFO -- : 0:  rack (1.5.2) from /Users/pepe/.rvm/gems/ruby-2.1.0/specifications/rack-1.5.2.gemspec
I, [2014-03-31T16:35:17.843827 #93576]  INFO -- : 0:  rack-protection (1.5.2) from /Users/pepe/.rvm/gems/ruby-2.1.0/specifications/rack-protection-1.5.2.gemspec
I, [2014-03-31T16:35:17.844197 #93576]  INFO -- : 0:  rack-test (0.6.2) from /Users/pepe/.rvm/gems/ruby-2.1.0/specifications/rack-test-0.6.2.gemspec
I, [2014-03-31T16:35:19.480991 #93576]  INFO -- : 0:  thor (0.19.1) from /Users/pepe/.rvm/gems/ruby-2.1.0/specifications/thor-0.19.1.gemspec
I, [2014-03-31T16:35:19.740922 #93576]  INFO -- : 0:  rake-pipeline (0.8.0) from /Users/pepe/.rvm/gems/ruby-2.1.0/bundler/gems/rake-pipeline-a75d96fbadcc/rake-pipeline.gemspec
I, [2014-03-31T16:35:19.807917 #93576]  INFO -- : 0:  rake-pipeline-web-filters (0.6.0) from /Users/pepe/.rvm/gems/ruby-2.1.0/bundler/gems/rake-pipeline-web-filters-1da44c399c11/rake-pipeline-web-filters.gemspec
I, [2014-03-31T16:35:19.808426 #93576]  INFO -- : 0:  tilt (1.4.1) from /Users/pepe/.rvm/gems/ruby-2.1.0/specifications/tilt-1.4.1.gemspec
I, [2014-03-31T16:35:19.808728 #93576]  INFO -- : 0:  sinatra (1.4.4) from /Users/pepe/.rvm/gems/ruby-2.1.0/specifications/sinatra-1.4.4.gemspec
I, [2014-03-31T16:35:19.809012 #93576]  INFO -- : 0:  sinatra-contrib (1.4.2) from /Users/pepe/.rvm/gems/ruby-2.1.0/specifications/sinatra-contrib-1.4.2.gemspec
I, [2014-03-31T16:35:19.809299 #93576]  INFO -- : 0:  thin (1.6.2) from /Users/pepe/.rvm/gems/ruby-2.1.0/specifications/thin-1.6.2.gemspec
I, [2014-03-31T16:35:19.809567 #93576]  INFO -- : 0:  bundler (1.5.1) from /Users/pepe/.rvm/gems/ruby-2.1.0/specifications/bundler-1.5.1.gemspec
I, [2014-03-31T17:49:33.036056 #93966]  INFO -- : 0:  rake (10.1.1) from /Users/pepe/.rvm/gems/ruby-2.1.0/specifications/rake-10.1.1.gemspec
I, [2014-03-31T17:49:33.047499 #93966]  INFO -- : 0:  backports (3.6.0) from /Users/pepe/.rvm/gems/ruby-2.1.0/specifications/backports-3.6.0.gemspec
I, [2014-03-31T17:49:33.048315 #93966]  INFO -- : 0:  daemons (1.1.9) from /Users/pepe/.rvm/gems/ruby-2.1.0/specifications/daemons-1.1.9.gemspec
I, [2014-03-31T17:49:33.049161 #93966]  INFO -- : 0:  eventmachine (1.0.3) from /Users/pepe/.rvm/gems/ruby-2.1.0/specifications/eventmachine-1.0.3.gemspec
I, [2014-03-31T17:49:33.049851 #93966]  INFO -- : 0:  multi_json (1.9.2) from /Users/pepe/.rvm/gems/ruby-2.1.0/specifications/multi_json-1.9.2.gemspec
I, [2014-03-31T17:49:33.050506 #93966]  INFO -- : 0:  execjs (1.2.13) from /Users/pepe/.rvm/gems/ruby-2.1.0/specifications/execjs-1.2.13.gemspec
I, [2014-03-31T17:49:33.051157 #93966]  INFO -- : 0:  json (1.8.1) from /Users/pepe/.rvm/rubies/ruby-2.1.0/lib/ruby/gems/2.1.0/specifications/default/json-1.8.1.gemspec
I, [2014-03-31T17:49:33.051778 #93966]  INFO -- : 0:  rack (1.5.2) from /Users/pepe/.rvm/gems/ruby-2.1.0/specifications/rack-1.5.2.gemspec
I, [2014-03-31T17:49:33.052423 #93966]  INFO -- : 0:  rack-protection (1.5.2) from /Users/pepe/.rvm/gems/ruby-2.1.0/specifications/rack-protection-1.5.2.gemspec
I, [2014-03-31T17:49:33.053089 #93966]  INFO -- : 0:  rack-test (0.6.2) from /Users/pepe/.rvm/gems/ruby-2.1.0/specifications/rack-test-0.6.2.gemspec
I, [2014-03-31T17:49:33.054225 #93966]  INFO -- : 0:  thor (0.19.1) from /Users/pepe/.rvm/gems/ruby-2.1.0/specifications/thor-0.19.1.gemspec
I, [2014-03-31T17:49:33.433316 #93966]  INFO -- : 0:  rake-pipeline (0.8.0) from /Users/pepe/.rvm/gems/ruby-2.1.0/bundler/gems/rake-pipeline-a75d96fbadcc/rake-pipeline.gemspec
I, [2014-03-31T17:49:33.515262 #93966]  INFO -- : 0:  rake-pipeline-web-filters (0.6.0) from /Users/pepe/.rvm/gems/ruby-2.1.0/bundler/gems/rake-pipeline-web-filters-1da44c399c11/rake-pipeline-web-filters.gemspec
I, [2014-03-31T17:49:33.515700 #93966]  INFO -- : 0:  tilt (1.4.1) from /Users/pepe/.rvm/gems/ruby-2.1.0/specifications/tilt-1.4.1.gemspec
I, [2014-03-31T17:49:33.516039 #93966]  INFO -- : 0:  sinatra (1.4.4) from /Users/pepe/.rvm/gems/ruby-2.1.0/specifications/sinatra-1.4.4.gemspec
I, [2014-03-31T17:49:33.516376 #93966]  INFO -- : 0:  sinatra-contrib (1.4.2) from /Users/pepe/.rvm/gems/ruby-2.1.0/specifications/sinatra-contrib-1.4.2.gemspec
I, [2014-03-31T17:49:33.516712 #93966]  INFO -- : 0:  thin (1.6.2) from /Users/pepe/.rvm/gems/ruby-2.1.0/specifications/thin-1.6.2.gemspec
I, [2014-03-31T17:49:33.517011 #93966]  INFO -- : 0:  bundler (1.5.1) from /Users/pepe/.rvm/gems/ruby-2.1.0/specifications/bundler-1.5.1.gemspec
I, [2014-04-01T15:52:22.087458 #3726]  INFO -- : 0:  rake (10.1.1) from /Users/pepe/.rvm/gems/ruby-2.1.0/specifications/rake-10.1.1.gemspec
I, [2014-04-01T15:52:22.168709 #3726]  INFO -- : 0:  json (1.8.1) from /Users/pepe/.rvm/rubies/ruby-2.1.0/lib/ruby/gems/2.1.0/specifications/default/json-1.8.1.gemspec
I, [2014-04-01T15:52:23.245248 #3726]  INFO -- : 0:  mini_portile (0.5.3) from /Users/pepe/.rvm/gems/ruby-2.1.0/specifications/mini_portile-0.5.3.gemspec
I, [2014-04-01T15:54:30.723842 #3726]  INFO -- : 0:  nokogiri (1.6.1) from /Users/pepe/.rvm/gems/ruby-2.1.0/specifications/nokogiri-1.6.1.gemspec
I, [2014-04-01T15:54:32.197817 #3726]  INFO -- : 0:  uuidtools (2.1.4) from /Users/pepe/.rvm/gems/ruby-2.1.0/specifications/uuidtools-2.1.4.gemspec
I, [2014-04-01T15:54:37.955948 #3726]  INFO -- : 0:  aws-sdk (1.38.0) from /Users/pepe/.rvm/gems/ruby-2.1.0/specifications/aws-sdk-1.38.0.gemspec
I, [2014-04-01T15:54:37.956848 #3726]  INFO -- : 0:  backports (3.6.0) from /Users/pepe/.rvm/gems/ruby-2.1.0/specifications/backports-3.6.0.gemspec
I, [2014-04-01T15:54:37.957478 #3726]  INFO -- : 0:  colored (1.2) from /Users/pepe/.rvm/gems/ruby-2.1.0/specifications/colored-1.2.gemspec
I, [2014-04-01T15:54:37.958121 #3726]  INFO -- : 0:  daemons (1.1.9) from /Users/pepe/.rvm/gems/ruby-2.1.0/specifications/daemons-1.1.9.gemspec
I, [2014-04-01T15:54:39.556222 #3726]  INFO -- : 0:  diff-lcs (1.2.5) from /Users/pepe/.rvm/gems/ruby-2.1.0/specifications/diff-lcs-1.2.5.gemspec
I, [2014-04-01T15:54:39.556724 #3726]  INFO -- : 0:  multi_json (1.9.2) from /Users/pepe/.rvm/gems/ruby-2.1.0/specifications/multi_json-1.9.2.gemspec
I, [2014-04-01T15:54:39.557072 #3726]  INFO -- : 0:  execjs (1.2.13) from /Users/pepe/.rvm/gems/ruby-2.1.0/specifications/execjs-1.2.13.gemspec
I, [2014-04-01T15:54:41.563437 #3726]  INFO -- : 0:  mime-types (1.25.1) from /Users/pepe/.rvm/gems/ruby-2.1.0/specifications/mime-types-1.25.1.gemspec
I, [2014-04-01T15:54:42.959734 #3726]  INFO -- : 0:  posix-spawn (0.3.8) from /Users/pepe/.rvm/gems/ruby-2.1.0/specifications/posix-spawn-0.3.8.gemspec
I, [2014-04-01T15:54:44.709867 #3726]  INFO -- : 0:  grit (2.5.0) from /Users/pepe/.rvm/gems/ruby-2.1.0/specifications/grit-2.5.0.gemspec
I, [2014-04-01T15:54:45.817249 #3726]  INFO -- : 0:  rb-fsevent (0.9.4) from /Users/pepe/.rvm/gems/ruby-2.1.0/specifications/rb-fsevent-0.9.4.gemspec
I, [2014-04-01T15:54:54.473934 #3726]  INFO -- : 0:  ffi (1.9.3) from /Users/pepe/.rvm/gems/ruby-2.1.0/specifications/ffi-1.9.3.gemspec
I, [2014-04-01T15:54:55.424467 #3726]  INFO -- : 0:  rb-inotify (0.9.3) from /Users/pepe/.rvm/gems/ruby-2.1.0/specifications/rb-inotify-0.9.3.gemspec
I, [2014-04-01T15:54:56.245271 #3726]  INFO -- : 0:  rb-kqueue (0.2.2) from /Users/pepe/.rvm/gems/ruby-2.1.0/specifications/rb-kqueue-0.2.2.gemspec
I, [2014-04-01T15:54:57.405034 #3726]  INFO -- : 0:  listen (1.3.1) from /Users/pepe/.rvm/gems/ruby-2.1.0/specifications/listen-1.3.1.gemspec
I, [2014-04-01T15:54:58.270898 #3726]  INFO -- : 0:  notify (0.5.2) from /Users/pepe/.rvm/gems/ruby-2.1.0/specifications/notify-0.5.2.gemspec
I, [2014-04-01T15:54:59.876206 #3726]  INFO -- : 0:  kicker (3.0.0) from /Users/pepe/.rvm/gems/ruby-2.1.0/specifications/kicker-3.0.0.gemspec
I, [2014-04-01T15:54:59.877072 #3726]  INFO -- : 0:  rack (1.5.2) from /Users/pepe/.rvm/gems/ruby-2.1.0/specifications/rack-1.5.2.gemspec
I, [2014-04-01T15:55:01.906110 #3726]  INFO -- : 0:  puma (2.8.1) from /Users/pepe/.rvm/gems/ruby-2.1.0/specifications/puma-2.8.1.gemspec
I, [2014-04-01T15:55:01.906663 #3726]  INFO -- : 0:  thor (0.19.1) from /Users/pepe/.rvm/gems/ruby-2.1.0/specifications/thor-0.19.1.gemspec
I, [2014-04-01T15:55:02.226475 #3726]  INFO -- : 0:  rake-pipeline (0.8.0) from /Users/pepe/.rvm/gems/ruby-2.1.0/bundler/gems/rake-pipeline-a75d96fbadcc/rake-pipeline.gemspec
I, [2014-04-01T15:55:05.047994 #3726]  INFO -- : 0:  rake-pipeline-web-filters (0.7.0) from /Users/pepe/.rvm/gems/ruby-2.1.0/specifications/rake-pipeline-web-filters-0.7.0.gemspec
I, [2014-04-01T15:55:06.322836 #3726]  INFO -- : 0:  uglifier (2.5.0) from /Users/pepe/.rvm/gems/ruby-2.1.0/specifications/uglifier-2.5.0.gemspec
I, [2014-04-01T15:55:06.513919 #3726]  INFO -- : 0:  ember-dev (0.1) from /Users/pepe/.rvm/gems/ruby-2.1.0/bundler/gems/ember-dev-851608c1403a/ember-dev.gemspec
I, [2014-04-01T15:55:06.514739 #3726]  INFO -- : 0:  eventmachine (1.0.3) from /Users/pepe/.rvm/gems/ruby-2.1.0/specifications/eventmachine-1.0.3.gemspec
I, [2014-04-01T15:55:07.748680 #3726]  INFO -- : 0:  handlebars-source (1.3.0) from /Users/pepe/.rvm/gems/ruby-2.1.0/specifications/handlebars-source-1.3.0.gemspec
I, [2014-04-01T15:55:07.749482 #3726]  INFO -- : 0:  rack-protection (1.5.2) from /Users/pepe/.rvm/gems/ruby-2.1.0/specifications/rack-protection-1.5.2.gemspec
I, [2014-04-01T15:55:07.750017 #3726]  INFO -- : 0:  rack-test (0.6.2) from /Users/pepe/.rvm/gems/ruby-2.1.0/specifications/rack-test-0.6.2.gemspec
I, [2014-04-01T15:55:07.750544 #3726]  INFO -- : 0:  tilt (1.4.1) from /Users/pepe/.rvm/gems/ruby-2.1.0/specifications/tilt-1.4.1.gemspec
I, [2014-04-01T15:55:07.751071 #3726]  INFO -- : 0:  sinatra (1.4.4) from /Users/pepe/.rvm/gems/ruby-2.1.0/specifications/sinatra-1.4.4.gemspec
I, [2014-04-01T15:55:07.751577 #3726]  INFO -- : 0:  sinatra-contrib (1.4.2) from /Users/pepe/.rvm/gems/ruby-2.1.0/specifications/sinatra-contrib-1.4.2.gemspec
I, [2014-04-01T15:55:07.752091 #3726]  INFO -- : 0:  thin (1.6.2) from /Users/pepe/.rvm/gems/ruby-2.1.0/specifications/thin-1.6.2.gemspec
I, [2014-04-01T15:55:07.752587 #3726]  INFO -- : 0:  bundler (1.5.1) from /Users/pepe/.rvm/gems/ruby-2.1.0/specifications/bundler-1.5.1.gemspec
I, [2014-04-01T18:13:13.371495 #21524]  INFO -- : 0:  rake (10.1.1) from /Users/pepe/.rvm/gems/ruby-2.1.0/specifications/rake-10.1.1.gemspec
I, [2014-04-01T18:13:13.443839 #21524]  INFO -- : 0:  json (1.8.1) from /Users/pepe/.rvm/rubies/ruby-2.1.0/lib/ruby/gems/2.1.0/specifications/default/json-1.8.1.gemspec
I, [2014-04-01T18:13:13.444935 #21524]  INFO -- : 0:  mini_portile (0.5.3) from /Users/pepe/.rvm/gems/ruby-2.1.0/specifications/mini_portile-0.5.3.gemspec
I, [2014-04-01T18:13:13.445606 #21524]  INFO -- : 0:  nokogiri (1.6.1) from /Users/pepe/.rvm/gems/ruby-2.1.0/specifications/nokogiri-1.6.1.gemspec
I, [2014-04-01T18:13:13.446271 #21524]  INFO -- : 0:  uuidtools (2.1.4) from /Users/pepe/.rvm/gems/ruby-2.1.0/specifications/uuidtools-2.1.4.gemspec
I, [2014-04-01T18:13:13.446804 #21524]  INFO -- : 0:  aws-sdk (1.38.0) from /Users/pepe/.rvm/gems/ruby-2.1.0/specifications/aws-sdk-1.38.0.gemspec
I, [2014-04-01T18:13:13.447335 #21524]  INFO -- : 0:  backports (3.6.0) from /Users/pepe/.rvm/gems/ruby-2.1.0/specifications/backports-3.6.0.gemspec
I, [2014-04-01T18:13:13.447848 #21524]  INFO -- : 0:  colored (1.2) from /Users/pepe/.rvm/gems/ruby-2.1.0/specifications/colored-1.2.gemspec
I, [2014-04-01T18:13:13.448421 #21524]  INFO -- : 0:  daemons (1.1.9) from /Users/pepe/.rvm/gems/ruby-2.1.0/specifications/daemons-1.1.9.gemspec
I, [2014-04-01T18:13:13.448902 #21524]  INFO -- : 0:  diff-lcs (1.2.5) from /Users/pepe/.rvm/gems/ruby-2.1.0/specifications/diff-lcs-1.2.5.gemspec
I, [2014-04-01T18:13:13.449390 #21524]  INFO -- : 0:  multi_json (1.9.2) from /Users/pepe/.rvm/gems/ruby-2.1.0/specifications/multi_json-1.9.2.gemspec
I, [2014-04-01T18:13:13.449801 #21524]  INFO -- : 0:  execjs (1.2.13) from /Users/pepe/.rvm/gems/ruby-2.1.0/specifications/execjs-1.2.13.gemspec
I, [2014-04-01T18:13:13.450226 #21524]  INFO -- : 0:  mime-types (1.25.1) from /Users/pepe/.rvm/gems/ruby-2.1.0/specifications/mime-types-1.25.1.gemspec
I, [2014-04-01T18:13:13.450714 #21524]  INFO -- : 0:  posix-spawn (0.3.8) from /Users/pepe/.rvm/gems/ruby-2.1.0/specifications/posix-spawn-0.3.8.gemspec
I, [2014-04-01T18:13:13.451116 #21524]  INFO -- : 0:  grit (2.5.0) from /Users/pepe/.rvm/gems/ruby-2.1.0/specifications/grit-2.5.0.gemspec
I, [2014-04-01T18:13:13.451494 #21524]  INFO -- : 0:  rb-fsevent (0.9.4) from /Users/pepe/.rvm/gems/ruby-2.1.0/specifications/rb-fsevent-0.9.4.gemspec
I, [2014-04-01T18:13:13.451888 #21524]  INFO -- : 0:  ffi (1.9.3) from /Users/pepe/.rvm/gems/ruby-2.1.0/specifications/ffi-1.9.3.gemspec
I, [2014-04-01T18:13:13.452284 #21524]  INFO -- : 0:  rb-inotify (0.9.3) from /Users/pepe/.rvm/gems/ruby-2.1.0/specifications/rb-inotify-0.9.3.gemspec
I, [2014-04-01T18:13:13.452707 #21524]  INFO -- : 0:  rb-kqueue (0.2.2) from /Users/pepe/.rvm/gems/ruby-2.1.0/specifications/rb-kqueue-0.2.2.gemspec
I, [2014-04-01T18:13:13.453203 #21524]  INFO -- : 0:  listen (1.3.1) from /Users/pepe/.rvm/gems/ruby-2.1.0/specifications/listen-1.3.1.gemspec
I, [2014-04-01T18:13:13.453533 #21524]  INFO -- : 0:  notify (0.5.2) from /Users/pepe/.rvm/gems/ruby-2.1.0/specifications/notify-0.5.2.gemspec
I, [2014-04-01T18:13:13.453839 #21524]  INFO -- : 0:  kicker (3.0.0) from /Users/pepe/.rvm/gems/ruby-2.1.0/specifications/kicker-3.0.0.gemspec
I, [2014-04-01T18:13:13.454211 #21524]  INFO -- : 0:  rack (1.5.2) from /Users/pepe/.rvm/gems/ruby-2.1.0/specifications/rack-1.5.2.gemspec
I, [2014-04-01T18:13:13.454563 #21524]  INFO -- : 0:  puma (2.8.1) from /Users/pepe/.rvm/gems/ruby-2.1.0/specifications/puma-2.8.1.gemspec
I, [2014-04-01T18:13:13.454984 #21524]  INFO -- : 0:  thor (0.19.1) from /Users/pepe/.rvm/gems/ruby-2.1.0/specifications/thor-0.19.1.gemspec
I, [2014-04-01T18:13:13.599023 #21524]  INFO -- : 0:  rake-pipeline (0.8.0) from /Users/pepe/.rvm/gems/ruby-2.1.0/bundler/gems/rake-pipeline-a75d96fbadcc/rake-pipeline.gemspec
I, [2014-04-01T18:13:13.599444 #21524]  INFO -- : 0:  rake-pipeline-web-filters (0.7.0) from /Users/pepe/.rvm/gems/ruby-2.1.0/specifications/rake-pipeline-web-filters-0.7.0.gemspec
I, [2014-04-01T18:13:13.599780 #21524]  INFO -- : 0:  uglifier (2.5.0) from /Users/pepe/.rvm/gems/ruby-2.1.0/specifications/uglifier-2.5.0.gemspec
I, [2014-04-01T18:13:13.798195 #21524]  INFO -- : 0:  ember-dev (0.1) from /Users/pepe/.rvm/gems/ruby-2.1.0/bundler/gems/ember-dev-851608c1403a/ember-dev.gemspec
I, [2014-04-01T18:13:13.798742 #21524]  INFO -- : 0:  eventmachine (1.0.3) from /Users/pepe/.rvm/gems/ruby-2.1.0/specifications/eventmachine-1.0.3.gemspec
I, [2014-04-01T18:13:13.799279 #21524]  INFO -- : 0:  handlebars-source (1.3.0) from /Users/pepe/.rvm/gems/ruby-2.1.0/specifications/handlebars-source-1.3.0.gemspec
I, [2014-04-01T18:13:13.799831 #21524]  INFO -- : 0:  rack-protection (1.5.2) from /Users/pepe/.rvm/gems/ruby-2.1.0/specifications/rack-protection-1.5.2.gemspec
I, [2014-04-01T18:13:13.800354 #21524]  INFO -- : 0:  rack-test (0.6.2) from /Users/pepe/.rvm/gems/ruby-2.1.0/specifications/rack-test-0.6.2.gemspec
I, [2014-04-01T18:13:16.059346 #21524]  INFO -- : 0:  ruby_es6_module_transpiler (0.0.5) from /Users/pepe/.rvm/gems/ruby-2.1.0/specifications/ruby_es6_module_transpiler-0.0.5.gemspec
I, [2014-04-01T18:13:16.060058 #21524]  INFO -- : 0:  tilt (1.4.1) from /Users/pepe/.rvm/gems/ruby-2.1.0/specifications/tilt-1.4.1.gemspec
I, [2014-04-01T18:13:16.060601 #21524]  INFO -- : 0:  sinatra (1.4.4) from /Users/pepe/.rvm/gems/ruby-2.1.0/specifications/sinatra-1.4.4.gemspec
I, [2014-04-01T18:13:16.061028 #21524]  INFO -- : 0:  sinatra-contrib (1.4.2) from /Users/pepe/.rvm/gems/ruby-2.1.0/specifications/sinatra-contrib-1.4.2.gemspec
I, [2014-04-01T18:13:16.061450 #21524]  INFO -- : 0:  thin (1.6.2) from /Users/pepe/.rvm/gems/ruby-2.1.0/specifications/thin-1.6.2.gemspec
I, [2014-04-01T18:13:16.061855 #21524]  INFO -- : 0:  bundler (1.5.1) from /Users/pepe/.rvm/gems/ruby-2.1.0/specifications/bundler-1.5.1.gemspec
I, [2014-04-01T19:51:45.416519 #21697]  INFO -- : 0:  rake (10.1.1) from /Users/pepe/.rvm/gems/ruby-2.1.0/specifications/rake-10.1.1.gemspec
I, [2014-04-01T19:51:45.417081 #21697]  INFO -- : 0:  json (1.8.1) from /Users/pepe/.rvm/rubies/ruby-2.1.0/lib/ruby/gems/2.1.0/specifications/default/json-1.8.1.gemspec
I, [2014-04-01T19:51:45.417630 #21697]  INFO -- : 0:  mini_portile (0.5.3) from /Users/pepe/.rvm/gems/ruby-2.1.0/specifications/mini_portile-0.5.3.gemspec
I, [2014-04-01T19:51:45.418153 #21697]  INFO -- : 0:  nokogiri (1.6.1) from /Users/pepe/.rvm/gems/ruby-2.1.0/specifications/nokogiri-1.6.1.gemspec
I, [2014-04-01T19:51:45.418644 #21697]  INFO -- : 0:  uuidtools (2.1.4) from /Users/pepe/.rvm/gems/ruby-2.1.0/specifications/uuidtools-2.1.4.gemspec
I, [2014-04-01T19:51:45.419105 #21697]  INFO -- : 0:  aws-sdk (1.38.0) from /Users/pepe/.rvm/gems/ruby-2.1.0/specifications/aws-sdk-1.38.0.gemspec
I, [2014-04-01T19:51:45.419524 #21697]  INFO -- : 0:  backports (3.6.0) from /Users/pepe/.rvm/gems/ruby-2.1.0/specifications/backports-3.6.0.gemspec
I, [2014-04-01T19:51:45.419959 #21697]  INFO -- : 0:  colored (1.2) from /Users/pepe/.rvm/gems/ruby-2.1.0/specifications/colored-1.2.gemspec
I, [2014-04-01T19:51:45.420382 #21697]  INFO -- : 0:  daemons (1.1.9) from /Users/pepe/.rvm/gems/ruby-2.1.0/specifications/daemons-1.1.9.gemspec
I, [2014-04-01T19:51:45.420800 #21697]  INFO -- : 0:  diff-lcs (1.2.5) from /Users/pepe/.rvm/gems/ruby-2.1.0/specifications/diff-lcs-1.2.5.gemspec
I, [2014-04-01T19:51:45.421219 #21697]  INFO -- : 0:  multi_json (1.9.2) from /Users/pepe/.rvm/gems/ruby-2.1.0/specifications/multi_json-1.9.2.gemspec
I, [2014-04-01T19:51:45.421570 #21697]  INFO -- : 0:  execjs (1.2.13) from /Users/pepe/.rvm/gems/ruby-2.1.0/specifications/execjs-1.2.13.gemspec
I, [2014-04-01T19:51:45.421901 #21697]  INFO -- : 0:  mime-types (1.25.1) from /Users/pepe/.rvm/gems/ruby-2.1.0/specifications/mime-types-1.25.1.gemspec
I, [2014-04-01T19:51:45.422288 #21697]  INFO -- : 0:  posix-spawn (0.3.8) from /Users/pepe/.rvm/gems/ruby-2.1.0/specifications/posix-spawn-0.3.8.gemspec
I, [2014-04-01T19:51:45.422630 #21697]  INFO -- : 0:  grit (2.5.0) from /Users/pepe/.rvm/gems/ruby-2.1.0/specifications/grit-2.5.0.gemspec
I, [2014-04-01T19:51:45.422991 #21697]  INFO -- : 0:  rb-fsevent (0.9.4) from /Users/pepe/.rvm/gems/ruby-2.1.0/specifications/rb-fsevent-0.9.4.gemspec
I, [2014-04-01T19:51:45.423357 #21697]  INFO -- : 0:  ffi (1.9.3) from /Users/pepe/.rvm/gems/ruby-2.1.0/specifications/ffi-1.9.3.gemspec
I, [2014-04-01T19:51:45.423708 #21697]  INFO -- : 0:  rb-inotify (0.9.3) from /Users/pepe/.rvm/gems/ruby-2.1.0/specifications/rb-inotify-0.9.3.gemspec
I, [2014-04-01T19:51:45.424058 #21697]  INFO -- : 0:  rb-kqueue (0.2.2) from /Users/pepe/.rvm/gems/ruby-2.1.0/specifications/rb-kqueue-0.2.2.gemspec
I, [2014-04-01T19:51:45.424427 #21697]  INFO -- : 0:  listen (1.3.1) from /Users/pepe/.rvm/gems/ruby-2.1.0/specifications/listen-1.3.1.gemspec
I, [2014-04-01T19:51:45.424776 #21697]  INFO -- : 0:  notify (0.5.2) from /Users/pepe/.rvm/gems/ruby-2.1.0/specifications/notify-0.5.2.gemspec
I, [2014-04-01T19:51:45.425123 #21697]  INFO -- : 0:  kicker (3.0.0) from /Users/pepe/.rvm/gems/ruby-2.1.0/specifications/kicker-3.0.0.gemspec
I, [2014-04-01T19:51:45.425473 #21697]  INFO -- : 0:  rack (1.5.2) from /Users/pepe/.rvm/gems/ruby-2.1.0/specifications/rack-1.5.2.gemspec
I, [2014-04-01T19:51:45.425816 #21697]  INFO -- : 0:  puma (2.8.1) from /Users/pepe/.rvm/gems/ruby-2.1.0/specifications/puma-2.8.1.gemspec
I, [2014-04-01T19:51:45.426182 #21697]  INFO -- : 0:  thor (0.19.1) from /Users/pepe/.rvm/gems/ruby-2.1.0/specifications/thor-0.19.1.gemspec
I, [2014-04-01T19:51:45.562009 #21697]  INFO -- : 0:  rake-pipeline (0.8.0) from /Users/pepe/.rvm/gems/ruby-2.1.0/bundler/gems/rake-pipeline-a75d96fbadcc/rake-pipeline.gemspec
I, [2014-04-01T19:51:45.562452 #21697]  INFO -- : 0:  rake-pipeline-web-filters (0.7.0) from /Users/pepe/.rvm/gems/ruby-2.1.0/specifications/rake-pipeline-web-filters-0.7.0.gemspec
I, [2014-04-01T19:51:45.562782 #21697]  INFO -- : 0:  uglifier (2.5.0) from /Users/pepe/.rvm/gems/ruby-2.1.0/specifications/uglifier-2.5.0.gemspec
I, [2014-04-01T19:51:45.749590 #21697]  INFO -- : 0:  ember-dev (0.1) from /Users/pepe/.rvm/gems/ruby-2.1.0/bundler/gems/ember-dev-851608c1403a/ember-dev.gemspec
I, [2014-04-01T19:51:45.749975 #21697]  INFO -- : 0:  eventmachine (1.0.3) from /Users/pepe/.rvm/gems/ruby-2.1.0/specifications/eventmachine-1.0.3.gemspec
I, [2014-04-01T19:51:45.750299 #21697]  INFO -- : 0:  handlebars-source (1.3.0) from /Users/pepe/.rvm/gems/ruby-2.1.0/specifications/handlebars-source-1.3.0.gemspec
I, [2014-04-01T19:51:45.750685 #21697]  INFO -- : 0:  rack-protection (1.5.2) from /Users/pepe/.rvm/gems/ruby-2.1.0/specifications/rack-protection-1.5.2.gemspec
I, [2014-04-01T19:51:45.751056 #21697]  INFO -- : 0:  rack-test (0.6.2) from /Users/pepe/.rvm/gems/ruby-2.1.0/specifications/rack-test-0.6.2.gemspec
I, [2014-04-01T19:51:45.751395 #21697]  INFO -- : 0:  ruby_es6_module_transpiler (0.0.5) from /Users/pepe/.rvm/gems/ruby-2.1.0/specifications/ruby_es6_module_transpiler-0.0.5.gemspec
I, [2014-04-01T19:51:45.751754 #21697]  INFO -- : 0:  tilt (1.4.1) from /Users/pepe/.rvm/gems/ruby-2.1.0/specifications/tilt-1.4.1.gemspec
I, [2014-04-01T19:51:45.752102 #21697]  INFO -- : 0:  sinatra (1.4.4) from /Users/pepe/.rvm/gems/ruby-2.1.0/specifications/sinatra-1.4.4.gemspec
I, [2014-04-01T19:51:45.752449 #21697]  INFO -- : 0:  sinatra-contrib (1.4.2) from /Users/pepe/.rvm/gems/ruby-2.1.0/specifications/sinatra-contrib-1.4.2.gemspec
I, [2014-04-01T19:51:45.752820 #21697]  INFO -- : 0:  thin (1.6.2) from /Users/pepe/.rvm/gems/ruby-2.1.0/specifications/thin-1.6.2.gemspec
I, [2014-04-01T19:51:45.753165 #21697]  INFO -- : 0:  bundler (1.5.1) from /Users/pepe/.rvm/gems/ruby-2.1.0/specifications/bundler-1.5.1.gemspec
I, [2014-04-01T19:57:28.809549 #21857]  INFO -- : 0:  rake (10.1.1) from /Users/pepe/.rvm/gems/ruby-2.1.0/specifications/rake-10.1.1.gemspec
I, [2014-04-01T19:57:28.810009 #21857]  INFO -- : 0:  backports (3.6.0) from /Users/pepe/.rvm/gems/ruby-2.1.0/specifications/backports-3.6.0.gemspec
I, [2014-04-01T19:57:28.810346 #21857]  INFO -- : 0:  daemons (1.1.9) from /Users/pepe/.rvm/gems/ruby-2.1.0/specifications/daemons-1.1.9.gemspec
I, [2014-04-01T19:57:28.810663 #21857]  INFO -- : 0:  eventmachine (1.0.3) from /Users/pepe/.rvm/gems/ruby-2.1.0/specifications/eventmachine-1.0.3.gemspec
I, [2014-04-01T19:57:28.811001 #21857]  INFO -- : 0:  multi_json (1.9.2) from /Users/pepe/.rvm/gems/ruby-2.1.0/specifications/multi_json-1.9.2.gemspec
I, [2014-04-01T19:57:28.813467 #21857]  INFO -- : 0:  execjs (1.2.13) from /Users/pepe/.rvm/gems/ruby-2.1.0/specifications/execjs-1.2.13.gemspec
I, [2014-04-01T19:57:28.813950 #21857]  INFO -- : 0:  handlebars-source (1.3.0) from /Users/pepe/.rvm/gems/ruby-2.1.0/specifications/handlebars-source-1.3.0.gemspec
I, [2014-04-01T19:57:28.814675 #21857]  INFO -- : 0:  json (1.8.1) from /Users/pepe/.rvm/rubies/ruby-2.1.0/lib/ruby/gems/2.1.0/specifications/default/json-1.8.1.gemspec
I, [2014-04-01T19:57:28.815349 #21857]  INFO -- : 0:  rack (1.5.2) from /Users/pepe/.rvm/gems/ruby-2.1.0/specifications/rack-1.5.2.gemspec
I, [2014-04-01T19:57:28.815790 #21857]  INFO -- : 0:  rack-protection (1.5.2) from /Users/pepe/.rvm/gems/ruby-2.1.0/specifications/rack-protection-1.5.2.gemspec
I, [2014-04-01T19:57:28.816129 #21857]  INFO -- : 0:  rack-test (0.6.2) from /Users/pepe/.rvm/gems/ruby-2.1.0/specifications/rack-test-0.6.2.gemspec
I, [2014-04-01T19:57:28.816654 #21857]  INFO -- : 0:  thor (0.19.1) from /Users/pepe/.rvm/gems/ruby-2.1.0/specifications/thor-0.19.1.gemspec
I, [2014-04-01T19:57:28.934221 #21857]  INFO -- : 0:  rake-pipeline (0.8.0) from /Users/pepe/.rvm/gems/ruby-2.1.0/bundler/gems/rake-pipeline-a75d96fbadcc/rake-pipeline.gemspec
I, [2014-04-01T19:57:29.087899 #21857]  INFO -- : 0:  rake-pipeline-web-filters (0.6.0) from /Users/pepe/.rvm/gems/ruby-2.1.0/bundler/gems/rake-pipeline-web-filters-1da44c399c11/rake-pipeline-web-filters.gemspec
I, [2014-04-01T19:57:29.088589 #21857]  INFO -- : 0:  ruby_es6_module_transpiler (0.0.5) from /Users/pepe/.rvm/gems/ruby-2.1.0/specifications/ruby_es6_module_transpiler-0.0.5.gemspec
I, [2014-04-01T19:57:29.089114 #21857]  INFO -- : 0:  tilt (1.4.1) from /Users/pepe/.rvm/gems/ruby-2.1.0/specifications/tilt-1.4.1.gemspec
I, [2014-04-01T19:57:29.089642 #21857]  INFO -- : 0:  sinatra (1.4.4) from /Users/pepe/.rvm/gems/ruby-2.1.0/specifications/sinatra-1.4.4.gemspec
I, [2014-04-01T19:57:29.090174 #21857]  INFO -- : 0:  sinatra-contrib (1.4.2) from /Users/pepe/.rvm/gems/ruby-2.1.0/specifications/sinatra-contrib-1.4.2.gemspec
I, [2014-04-01T19:57:29.090662 #21857]  INFO -- : 0:  thin (1.6.2) from /Users/pepe/.rvm/gems/ruby-2.1.0/specifications/thin-1.6.2.gemspec
I, [2014-04-01T19:57:29.091132 #21857]  INFO -- : 0:  bundler (1.5.1) from /Users/pepe/.rvm/gems/ruby-2.1.0/specifications/bundler-1.5.1.gemspec
I, [2014-04-07T12:42:58.772560 #4523]  INFO -- : 0:  rake (10.1.1) from /Users/pepe/.rvm/gems/ruby-2.1.0/specifications/rake-10.1.1.gemspec
I, [2014-04-07T12:42:58.791634 #4523]  INFO -- : 0:  backports (3.6.0) from /Users/pepe/.rvm/gems/ruby-2.1.0/specifications/backports-3.6.0.gemspec
I, [2014-04-07T12:42:58.792540 #4523]  INFO -- : 0:  daemons (1.1.9) from /Users/pepe/.rvm/gems/ruby-2.1.0/specifications/daemons-1.1.9.gemspec
I, [2014-04-07T12:42:58.793358 #4523]  INFO -- : 0:  eventmachine (1.0.3) from /Users/pepe/.rvm/gems/ruby-2.1.0/specifications/eventmachine-1.0.3.gemspec
I, [2014-04-07T12:42:58.794122 #4523]  INFO -- : 0:  multi_json (1.9.2) from /Users/pepe/.rvm/gems/ruby-2.1.0/specifications/multi_json-1.9.2.gemspec
I, [2014-04-07T12:42:58.794694 #4523]  INFO -- : 0:  execjs (1.2.13) from /Users/pepe/.rvm/gems/ruby-2.1.0/specifications/execjs-1.2.13.gemspec
I, [2014-04-07T12:42:58.795225 #4523]  INFO -- : 0:  handlebars-source (1.3.0) from /Users/pepe/.rvm/gems/ruby-2.1.0/specifications/handlebars-source-1.3.0.gemspec
I, [2014-04-07T12:42:58.795720 #4523]  INFO -- : 0:  json (1.8.1) from /Users/pepe/.rvm/rubies/ruby-2.1.0/lib/ruby/gems/2.1.0/specifications/default/json-1.8.1.gemspec
I, [2014-04-07T12:42:58.796219 #4523]  INFO -- : 0:  rack (1.5.2) from /Users/pepe/.rvm/gems/ruby-2.1.0/specifications/rack-1.5.2.gemspec
I, [2014-04-07T12:42:58.796710 #4523]  INFO -- : 0:  rack-protection (1.5.2) from /Users/pepe/.rvm/gems/ruby-2.1.0/specifications/rack-protection-1.5.2.gemspec
I, [2014-04-07T12:42:58.797216 #4523]  INFO -- : 0:  rack-test (0.6.2) from /Users/pepe/.rvm/gems/ruby-2.1.0/specifications/rack-test-0.6.2.gemspec
I, [2014-04-07T12:42:58.797623 #4523]  INFO -- : 0:  thor (0.19.1) from /Users/pepe/.rvm/gems/ruby-2.1.0/specifications/thor-0.19.1.gemspec
I, [2014-04-07T12:42:59.042470 #4523]  INFO -- : 0:  rake-pipeline (0.8.0) from /Users/pepe/.rvm/gems/ruby-2.1.0/bundler/gems/rake-pipeline-a75d96fbadcc/rake-pipeline.gemspec
I, [2014-04-07T12:42:59.225500 #4523]  INFO -- : 0:  rake-pipeline-web-filters (0.6.0) from /Users/pepe/.rvm/gems/ruby-2.1.0/bundler/gems/rake-pipeline-web-filters-1da44c399c11/rake-pipeline-web-filters.gemspec
I, [2014-04-07T12:42:59.226162 #4523]  INFO -- : 0:  ruby_es6_module_transpiler (0.0.5) from /Users/pepe/.rvm/gems/ruby-2.1.0/specifications/ruby_es6_module_transpiler-0.0.5.gemspec
I, [2014-04-07T12:42:59.226663 #4523]  INFO -- : 0:  tilt (1.4.1) from /Users/pepe/.rvm/gems/ruby-2.1.0/specifications/tilt-1.4.1.gemspec
I, [2014-04-07T12:42:59.227138 #4523]  INFO -- : 0:  sinatra (1.4.4) from /Users/pepe/.rvm/gems/ruby-2.1.0/specifications/sinatra-1.4.4.gemspec
I, [2014-04-07T12:42:59.227563 #4523]  INFO -- : 0:  sinatra-contrib (1.4.2) from /Users/pepe/.rvm/gems/ruby-2.1.0/specifications/sinatra-contrib-1.4.2.gemspec
I, [2014-04-07T12:42:59.227970 #4523]  INFO -- : 0:  thin (1.6.2) from /Users/pepe/.rvm/gems/ruby-2.1.0/specifications/thin-1.6.2.gemspec
I, [2014-04-07T12:42:59.228346 #4523]  INFO -- : 0:  bundler (1.5.1) from /Users/pepe/.rvm/gems/ruby-2.1.0/specifications/bundler-1.5.1.gemspec
I, [2014-04-07T12:43:19.619299 #4562]  INFO -- : 0:  rake (10.1.1) from /Users/pepe/.rvm/gems/ruby-2.1.0/specifications/rake-10.1.1.gemspec
I, [2014-04-07T12:43:19.619829 #4562]  INFO -- : 0:  backports (3.6.0) from /Users/pepe/.rvm/gems/ruby-2.1.0/specifications/backports-3.6.0.gemspec
I, [2014-04-07T12:43:19.620164 #4562]  INFO -- : 0:  daemons (1.1.9) from /Users/pepe/.rvm/gems/ruby-2.1.0/specifications/daemons-1.1.9.gemspec
I, [2014-04-07T12:43:19.620490 #4562]  INFO -- : 0:  eventmachine (1.0.3) from /Users/pepe/.rvm/gems/ruby-2.1.0/specifications/eventmachine-1.0.3.gemspec
I, [2014-04-07T12:43:19.620828 #4562]  INFO -- : 0:  execjs (2.0.2) from /Users/pepe/.rvm/gems/ruby-2.1.0/specifications/execjs-2.0.2.gemspec
I, [2014-04-07T12:43:19.621144 #4562]  INFO -- : 0:  handlebars-source (1.3.0) from /Users/pepe/.rvm/gems/ruby-2.1.0/specifications/handlebars-source-1.3.0.gemspec
I, [2014-04-07T12:43:19.621425 #4562]  INFO -- : 0:  json (1.8.1) from /Users/pepe/.rvm/rubies/ruby-2.1.0/lib/ruby/gems/2.1.0/specifications/default/json-1.8.1.gemspec
I, [2014-04-07T12:43:19.621744 #4562]  INFO -- : 0:  multi_json (1.9.2) from /Users/pepe/.rvm/gems/ruby-2.1.0/specifications/multi_json-1.9.2.gemspec
I, [2014-04-07T12:43:19.622031 #4562]  INFO -- : 0:  rack (1.5.2) from /Users/pepe/.rvm/gems/ruby-2.1.0/specifications/rack-1.5.2.gemspec
I, [2014-04-07T12:43:19.622312 #4562]  INFO -- : 0:  rack-protection (1.5.2) from /Users/pepe/.rvm/gems/ruby-2.1.0/specifications/rack-protection-1.5.2.gemspec
I, [2014-04-07T12:43:19.622602 #4562]  INFO -- : 0:  rack-test (0.6.2) from /Users/pepe/.rvm/gems/ruby-2.1.0/specifications/rack-test-0.6.2.gemspec
I, [2014-04-07T12:43:19.622917 #4562]  INFO -- : 0:  thor (0.19.1) from /Users/pepe/.rvm/gems/ruby-2.1.0/specifications/thor-0.19.1.gemspec
I, [2014-04-07T12:43:19.741165 #4562]  INFO -- : 0:  rake-pipeline (0.8.0) from /Users/pepe/.rvm/gems/ruby-2.1.0/bundler/gems/rake-pipeline-a75d96fbadcc/rake-pipeline.gemspec
I, [2014-04-07T12:43:19.812445 #4562]  INFO -- : 0:  rake-pipeline-web-filters (0.6.0) from /Users/pepe/.rvm/gems/ruby-2.1.0/bundler/gems/rake-pipeline-web-filters-1da44c399c11/rake-pipeline-web-filters.gemspec
I, [2014-04-07T12:43:19.812814 #4562]  INFO -- : 0:  ruby_es6_module_transpiler (0.0.5) from /Users/pepe/.rvm/gems/ruby-2.1.0/specifications/ruby_es6_module_transpiler-0.0.5.gemspec
I, [2014-04-07T12:43:19.813131 #4562]  INFO -- : 0:  tilt (1.4.1) from /Users/pepe/.rvm/gems/ruby-2.1.0/specifications/tilt-1.4.1.gemspec
I, [2014-04-07T12:43:19.813396 #4562]  INFO -- : 0:  sinatra (1.4.4) from /Users/pepe/.rvm/gems/ruby-2.1.0/specifications/sinatra-1.4.4.gemspec
I, [2014-04-07T12:43:19.813657 #4562]  INFO -- : 0:  sinatra-contrib (1.4.2) from /Users/pepe/.rvm/gems/ruby-2.1.0/specifications/sinatra-contrib-1.4.2.gemspec
I, [2014-04-07T12:43:19.813918 #4562]  INFO -- : 0:  thin (1.6.2) from /Users/pepe/.rvm/gems/ruby-2.1.0/specifications/thin-1.6.2.gemspec
I, [2014-04-07T12:43:19.814165 #4562]  INFO -- : 0:  bundler (1.5.1) from /Users/pepe/.rvm/gems/ruby-2.1.0/specifications/bundler-1.5.1.gemspec
I, [2014-04-07T13:21:51.302812 #6252]  INFO -- : 0:  rake (10.1.1) from /Users/pepe/.rvm/gems/ruby-2.1.0/specifications/rake-10.1.1.gemspec
I, [2014-04-07T13:21:51.303251 #6252]  INFO -- : 0:  backports (3.6.0) from /Users/pepe/.rvm/gems/ruby-2.1.0/specifications/backports-3.6.0.gemspec
I, [2014-04-07T13:21:51.304013 #6252]  INFO -- : 0:  daemons (1.1.9) from /Users/pepe/.rvm/gems/ruby-2.1.0/specifications/daemons-1.1.9.gemspec
I, [2014-04-07T13:21:51.304851 #6252]  INFO -- : 0:  eventmachine (1.0.3) from /Users/pepe/.rvm/gems/ruby-2.1.0/specifications/eventmachine-1.0.3.gemspec
I, [2014-04-07T13:21:51.305631 #6252]  INFO -- : 0:  execjs (2.0.2) from /Users/pepe/.rvm/gems/ruby-2.1.0/specifications/execjs-2.0.2.gemspec
I, [2014-04-07T13:21:51.306306 #6252]  INFO -- : 0:  handlebars-source (1.3.0) from /Users/pepe/.rvm/gems/ruby-2.1.0/specifications/handlebars-source-1.3.0.gemspec
I, [2014-04-07T13:21:51.306865 #6252]  INFO -- : 0:  json (1.8.1) from /Users/pepe/.rvm/rubies/ruby-2.1.0/lib/ruby/gems/2.1.0/specifications/default/json-1.8.1.gemspec
I, [2014-04-07T13:21:51.307486 #6252]  INFO -- : 0:  multi_json (1.9.2) from /Users/pepe/.rvm/gems/ruby-2.1.0/specifications/multi_json-1.9.2.gemspec
I, [2014-04-07T13:21:51.308064 #6252]  INFO -- : 0:  rack (1.5.2) from /Users/pepe/.rvm/gems/ruby-2.1.0/specifications/rack-1.5.2.gemspec
I, [2014-04-07T13:21:51.308615 #6252]  INFO -- : 0:  rack-protection (1.5.2) from /Users/pepe/.rvm/gems/ruby-2.1.0/specifications/rack-protection-1.5.2.gemspec
I, [2014-04-07T13:21:51.309197 #6252]  INFO -- : 0:  rack-test (0.6.2) from /Users/pepe/.rvm/gems/ruby-2.1.0/specifications/rack-test-0.6.2.gemspec
I, [2014-04-07T13:21:51.309759 #6252]  INFO -- : 0:  thor (0.19.1) from /Users/pepe/.rvm/gems/ruby-2.1.0/specifications/thor-0.19.1.gemspec
I, [2014-04-07T13:21:51.677453 #6252]  INFO -- : 0:  rake-pipeline (0.8.0) from /Users/pepe/.rvm/gems/ruby-2.1.0/bundler/gems/rake-pipeline-a75d96fbadcc/rake-pipeline.gemspec
I, [2014-04-07T13:21:51.775471 #6252]  INFO -- : 0:  rake-pipeline-web-filters (0.6.0) from /Users/pepe/.rvm/gems/ruby-2.1.0/bundler/gems/rake-pipeline-web-filters-1da44c399c11/rake-pipeline-web-filters.gemspec
I, [2014-04-07T13:21:51.776481 #6252]  INFO -- : 0:  ruby_es6_module_transpiler (0.0.5) from /Users/pepe/.rvm/gems/ruby-2.1.0/specifications/ruby_es6_module_transpiler-0.0.5.gemspec
I, [2014-04-07T13:21:51.777211 #6252]  INFO -- : 0:  tilt (1.4.1) from /Users/pepe/.rvm/gems/ruby-2.1.0/specifications/tilt-1.4.1.gemspec
I, [2014-04-07T13:21:51.777794 #6252]  INFO -- : 0:  sinatra (1.4.4) from /Users/pepe/.rvm/gems/ruby-2.1.0/specifications/sinatra-1.4.4.gemspec
I, [2014-04-07T13:21:51.778318 #6252]  INFO -- : 0:  sinatra-contrib (1.4.2) from /Users/pepe/.rvm/gems/ruby-2.1.0/specifications/sinatra-contrib-1.4.2.gemspec
I, [2014-04-07T13:21:51.778862 #6252]  INFO -- : 0:  thin (1.6.2) from /Users/pepe/.rvm/gems/ruby-2.1.0/specifications/thin-1.6.2.gemspec
I, [2014-04-07T13:21:51.779419 #6252]  INFO -- : 0:  bundler (1.5.1) from /Users/pepe/.rvm/gems/ruby-2.1.0/specifications/bundler-1.5.1.gemspec
I, [2014-04-08T17:04:19.208891 #53223]  INFO -- : 0:  rake (10.1.1) from /Users/pepe/.rvm/gems/ruby-2.1.0/specifications/rake-10.1.1.gemspec
I, [2014-04-08T17:04:19.224988 #53223]  INFO -- : 0:  backports (3.6.0) from /Users/pepe/.rvm/gems/ruby-2.1.0/specifications/backports-3.6.0.gemspec
I, [2014-04-08T17:04:19.225898 #53223]  INFO -- : 0:  daemons (1.1.9) from /Users/pepe/.rvm/gems/ruby-2.1.0/specifications/daemons-1.1.9.gemspec
I, [2014-04-08T17:04:19.226846 #53223]  INFO -- : 0:  eventmachine (1.0.3) from /Users/pepe/.rvm/gems/ruby-2.1.0/specifications/eventmachine-1.0.3.gemspec
I, [2014-04-08T17:04:19.227947 #53223]  INFO -- : 0:  execjs (2.0.2) from /Users/pepe/.rvm/gems/ruby-2.1.0/specifications/execjs-2.0.2.gemspec
I, [2014-04-08T17:04:19.228901 #53223]  INFO -- : 0:  json (1.8.1) from /Users/pepe/.rvm/rubies/ruby-2.1.0/lib/ruby/gems/2.1.0/specifications/default/json-1.8.1.gemspec
I, [2014-04-08T17:04:19.229895 #53223]  INFO -- : 0:  multi_json (1.9.2) from /Users/pepe/.rvm/gems/ruby-2.1.0/specifications/multi_json-1.9.2.gemspec
I, [2014-04-08T17:04:19.230709 #53223]  INFO -- : 0:  rack (1.5.2) from /Users/pepe/.rvm/gems/ruby-2.1.0/specifications/rack-1.5.2.gemspec
I, [2014-04-08T17:04:19.231464 #53223]  INFO -- : 0:  rack-protection (1.5.2) from /Users/pepe/.rvm/gems/ruby-2.1.0/specifications/rack-protection-1.5.2.gemspec
I, [2014-04-08T17:04:19.232175 #53223]  INFO -- : 0:  rack-test (0.6.2) from /Users/pepe/.rvm/gems/ruby-2.1.0/specifications/rack-test-0.6.2.gemspec
I, [2014-04-08T17:04:19.232884 #53223]  INFO -- : 0:  thor (0.19.1) from /Users/pepe/.rvm/gems/ruby-2.1.0/specifications/thor-0.19.1.gemspec
I, [2014-04-08T17:04:19.717822 #53223]  INFO -- : 0:  rake-pipeline (0.8.0) from /Users/pepe/.rvm/gems/ruby-2.1.0/bundler/gems/rake-pipeline-a75d96fbadcc/rake-pipeline.gemspec
I, [2014-04-08T17:04:19.910123 #53223]  INFO -- : 0:  rake-pipeline-web-filters (0.6.0) from /Users/pepe/.rvm/gems/ruby-2.1.0/bundler/gems/rake-pipeline-web-filters-1da44c399c11/rake-pipeline-web-filters.gemspec
I, [2014-04-08T17:04:19.910674 #53223]  INFO -- : 0:  tilt (1.4.1) from /Users/pepe/.rvm/gems/ruby-2.1.0/specifications/tilt-1.4.1.gemspec
I, [2014-04-08T17:04:19.911102 #53223]  INFO -- : 0:  sinatra (1.4.4) from /Users/pepe/.rvm/gems/ruby-2.1.0/specifications/sinatra-1.4.4.gemspec
I, [2014-04-08T17:04:19.911534 #53223]  INFO -- : 0:  sinatra-contrib (1.4.2) from /Users/pepe/.rvm/gems/ruby-2.1.0/specifications/sinatra-contrib-1.4.2.gemspec
I, [2014-04-08T17:04:19.911950 #53223]  INFO -- : 0:  thin (1.6.2) from /Users/pepe/.rvm/gems/ruby-2.1.0/specifications/thin-1.6.2.gemspec
I, [2014-04-08T17:04:19.912328 #53223]  INFO -- : 0:  bundler (1.5.1) from /Users/pepe/.rvm/gems/ruby-2.1.0/specifications/bundler-1.5.1.gemspec
